2021-03-13 11:44:09.908 [main] INFO  Calculator - [SQ ROOT] - 6.0
2021-03-13 11:44:09.910 [main] INFO  Calculator - [RESULT - SQ ROOT] - 2.449489742783178
2021-03-13 11:44:09.910 [main] INFO  Calculator - [SQ ROOT] - 6.0
2021-03-13 11:44:09.910 [main] INFO  Calculator - [RESULT - SQ ROOT] - 2.449489742783178
2021-03-13 11:44:35.520 [main] INFO  Calculator - [FACTORIAL] - 7.0
2021-03-13 11:44:35.521 [main] INFO  Calculator - [RESULT - FACTORIAL] - 5040.0
2021-03-13 11:44:45.461 [main] INFO  Calculator - [NATURAL LOG] - 1.0
2021-03-13 11:44:45.462 [main] INFO  Calculator - [RESULT - NATURAL LOG] - 0.0
2021-03-13 11:45:15.189 [main] INFO  Calculator - [POWER - 5.0 RAISED TO] 3.0
2021-03-13 11:45:15.190 [main] INFO  Calculator - [RESULT - POWER] - 125.0
2021-03-13 11:45:47.931 [main] INFO  Calculator - [SQ ROOT] - 78.0
2021-03-13 11:45:47.931 [main] INFO  Calculator - [RESULT - SQ ROOT] - 8.831760866327848
2021-03-13 11:45:47.931 [main] INFO  Calculator - [SQ ROOT] - 78.0
2021-03-13 11:45:47.932 [main] INFO  Calculator - [RESULT - SQ ROOT] - 8.831760866327848
2021-03-13 11:45:53.279 [main] INFO  Calculator - [FACTORIAL] - 7.0
2021-03-13 11:45:53.279 [main] INFO  Calculator - [RESULT - FACTORIAL] - 5040.0
2021-03-13 11:46:00.609 [main] INFO  Calculator - [FACTORIAL] - 21.0
2021-03-13 11:46:00.609 [main] INFO  Calculator - [RESULT - FACTORIAL] - 5.109094217170944E19
2021-03-13 11:46:11.615 [main] INFO  Calculator - [NATURAL LOG] - 100.0
2021-03-13 11:46:11.616 [main] INFO  Calculator - [RESULT - NATURAL LOG] - 4.605170185988092
2021-03-13 11:46:22.600 [main] INFO  Calculator - [POWER - 4.0 RAISED TO] 7.0
2021-03-13 11:46:22.600 [main] INFO  Calculator - [RESULT - POWER] - 16384.0
2021-03-13 11:46:51.192 [main] INFO  Calculator - [SQ ROOT] - 6.0
2021-03-13 11:46:51.193 [main] INFO  Calculator - [RESULT - SQ ROOT] - 2.449489742783178
2021-03-13 11:46:51.193 [main] INFO  Calculator - [SQ ROOT] - 6.0
2021-03-13 11:46:51.194 [main] INFO  Calculator - [RESULT - SQ ROOT] - 2.449489742783178
2021-03-13 11:46:58.457 [main] INFO  Calculator - [SQ ROOT] - 121.0
2021-03-13 11:46:58.458 [main] INFO  Calculator - [RESULT - SQ ROOT] - 11.0
2021-03-13 11:46:58.458 [main] INFO  Calculator - [SQ ROOT] - 121.0
2021-03-13 11:46:58.459 [main] INFO  Calculator - [RESULT - SQ ROOT] - 11.0
2021-03-13 11:47:06.973 [main] INFO  Calculator - [FACTORIAL] - 4.0
2021-03-13 11:47:06.973 [main] INFO  Calculator - [RESULT - FACTORIAL] - 24.0
2021-03-13 11:47:15.146 [main] INFO  Calculator - [POWER - 6.0 RAISED TO] 6.0
2021-03-13 11:47:15.147 [main] INFO  Calculator - [RESULT - POWER] - 46656.0
2021-03-13 11:47:23.576 [main] INFO  Calculator - [NATURAL LOG] - 67.0
2021-03-13 11:47:23.576 [main] INFO  Calculator - [RESULT - NATURAL LOG] - 4.204692619390966
2021-03-13 11:47:56.933 [main] INFO  Calculator - [POWER - 7.0 RAISED TO] 3.0
2021-03-13 11:47:56.933 [main] INFO  Calculator - [RESULT - POWER] - 343.0
2021-03-13 11:48:21.589 [main] INFO  Calculator - [SQ ROOT] - 567.0
2021-03-13 11:48:21.589 [main] INFO  Calculator - [RESULT - SQ ROOT] - 23.811761799581316
2021-03-13 11:48:21.589 [main] INFO  Calculator - [SQ ROOT] - 567.0
2021-03-13 11:48:21.590 [main] INFO  Calculator - [RESULT - SQ ROOT] - 23.811761799581316
2021-03-13 11:48:26.951 [main] INFO  Calculator - [SQ ROOT] - 800.0
2021-03-13 11:48:26.951 [main] INFO  Calculator - [RESULT - SQ ROOT] - 28.284271247461902
2021-03-13 11:48:26.951 [main] INFO  Calculator - [SQ ROOT] - 800.0
2021-03-13 11:48:26.952 [main] INFO  Calculator - [RESULT - SQ ROOT] - 28.284271247461902
2021-03-13 11:48:37.860 [main] INFO  Calculator - [FACTORIAL] - 9.0
2021-03-13 11:48:37.861 [main] INFO  Calculator - [RESULT - FACTORIAL] - 362880.0
2021-03-13 11:48:42.730 [main] INFO  Calculator - [FACTORIAL] - 8.0
2021-03-13 11:48:42.731 [main] INFO  Calculator - [RESULT - FACTORIAL] - 40320.0
2021-03-13 11:48:46.931 [main] INFO  Calculator - [FACTORIAL] - 1.0
2021-03-13 11:48:46.932 [main] INFO  Calculator - [RESULT - FACTORIAL] - 1.0
2021-03-13 11:48:52.407 [main] INFO  Calculator - [FACTORIAL] - 5.0
2021-03-13 11:48:52.407 [main] INFO  Calculator - [RESULT - FACTORIAL] - 120.0
